Hash/MultiValue.pm
Time/Local.pm
Class/MOP/Method/Wrapped.pm
Moo/_mro.pm
HTTP/Message.pm
Readonly.pm
Audio/MPD/Common/Item.pm
Plack/App/URLMap.pm
DateTime/TimeZone.pm
Config/Any/Perl.pm
IO/Handle.pm
Moose/Meta/Method/Accessor.pm
Audio/MPD/Common/Output.pm
Stream/Buffered.pm
Class/MOP/Overload.pm
DateTime.pm
Dancer2/FileUtils.pm
Params/Validate.pm
Moo/Role.pm
Class/MOP/Class.pm
Moose/Meta/Method/Delegation.pm
Moose/Meta/Method/Accessor/Native/Hash/get.pm
IO.pm
Class/Singleton.pm
Sub/Defer.pm
File/Find.pm
Errno.pm
Return/MultiLevel.pm
Config/Any/YAML.pm
Dancer2/Core/Role/ConfigReader.pm
MIME/Type.pm
attributes.pm
Moose/Meta/Object/Trait.pm
Class/MOP/Deprecated.pm
HTML/Entities.pm
overload.pm
Moose/Meta/Instance.pm
LWP/UserAgent.pm
IO/Socket/IP.pm
Audio/MPD/Common/Stats.pm
Config/Any/INI.pm
File/Basename.pm
Sub/Install.pm
FileHandle.pm
Dancer2/Core/HTTP.pm
Carp.pm
common/sense.pm
Time/Piece.pm
Params/Util.pm
DateTime/TimeZone/Local.pm
Moose/Meta/TypeConstraint/Parameterizable.pm
Data/OptList.pm
Dancer2/Core/Response.pm
Crypt/SSLeay/X509.pm
namespace/autoclean.pm
Variable/Magic.pm
SelfLoader.pm
Moose/Meta/Role/Method/Required.pm
Plack/Util.pm
Moose/Meta/TypeConstraint.pm
URI.pm
MooseX/Types.pm
Moose/Meta/Role/Application.pm
Moose/Meta/TypeCoercion/Union.pm
Moose/Exporter.pm
MooseX/Types/CheckedUtilExports.pm
Moose/Meta/Role/Application/ToInstance.pm
LWP.pm
Moose/Meta/TypeConstraint/Union.pm
Sub/Identify.pm
Dancer2/Core/Role/Handler.pm
Moose/Meta/Attribute.pm
warnings/register.pm
Hash/Merge/Simple.pm
Cwd.pm
Plack/App/File.pm
Moose/Meta/Mixin/AttributeCore.pm
Socket.pm
Dancer2/Core/Role/Hookable.pm
URI/Escape.pm
Class/MOP/Object.pm
Moose/Meta/TypeConstraint/DuckType.pm
Class/XSAccessor.pm
B/Hooks/EndOfScope.pm
Moose/Meta/Method/Accessor/Native.pm
String/Formatter.pm
Dancer2/Handler/AutoPage.pm
if.pm
Moose/Meta/Method/Constructor.pm
Encode.pm
Moose/Util/TypeConstraints/Builtins.pm
File/Spec/Functions.pm
Dancer2/Core/Role/Engine.pm
B/Hooks/EndOfScope/XS.pm
File/Slurp.pm
IO/Socket/INET.pm
FindBin.pm
Moo/HandleMoose/FakeMetaClass.pm
Method/Generate/Accessor.pm
Dancer2/Core/Cookie.pm
Moose/Util.pm
DateTime/Locale/root.pm
MooseX/SemiAffordanceAccessor/Role/Attribute.pm
base.pm
lib.pm
Moose/Meta/TypeConstraint/Enum.pm
Config/Any/JSON.pm
Moose/Meta/Role/Application/RoleSummation.pm
Moose/Meta/Role/Application/ToClass.pm
Moo/HandleMoose/_TypeMap.pm
DateTime/Locale/Catalog.pm
Class/MOP/Attribute.pm
Method/Generate/BuildAll.pm
Plack/Middleware/Static.pm
Moose/Role.pm
Module/Pluggable/Object.pm
Class/MOP/Method/Constructor.pm
File/Spec/Unix.pm
Dancer2/Core/Response/Delayed.pm
Moose/Meta/Method/Destructor.pm
PerlIO.pm
MooseX/Types/Moose.pm
bytes.pm
Switch.pm
File/Path.pm
Text/Balanced.pm
Filter/Util/Call.pm
Config/Any/XML.pm
Params/Validate/Constants.pm
MooseX/Has/Sugar.pm
Stream/Buffered/PerlIO.pm
Config/Any/Base.pm
Module/Runtime.pm
IO/Socket.pm
Moo/Object.pm
MooseX/SemiAffordanceAccessor.pm
Class/Load/XS.pm
JSON.pm
Stream/Buffered/Auto.pm
Moose/Meta/TypeConstraint/Registry.pm
DateTime/TimeZone/OffsetOnly.pm
Dancer2/Core/Time.pm
Module/Implementation.pm
Class/XSAccessor/Heavy.pm
Class/Load.pm
DateTime/Locale.pm
Stream/Buffered/File.pm
Encode/Alias.pm
Audio/MPD.pm
overloading.pm
Class/MOP/Method/Accessor.pm
LWP/Protocol.pm
MooseX/Types/Util.pm
Dancer2/Core/Dispatcher.pm
Class/MOP/Mixin/HasOverloads.pm
Audio/MPD/Playlist.pm
List/Util.pm
Domo2.pm
HTTP/Headers.pm
Plack/Util/Accessor.pm
Plack/Request.pm
File/Spec.pm
Audio/MPD/Common/Time.pm
Import/Into.pm
Moose/Meta/TypeConstraint/Parameterized.pm
Try/Tiny.pm
Moose/Meta/Method/Accessor/Native/Hash.pm
Exporter/Heavy.pm
Class/MOP/Mixin/HasMethods.pm
Audio/MPD/Common/Item/Playlist.pm
Moose/Util/TypeConstraints.pm
Dancer2/Core/Factory.pm
Moose/Meta/Role/Composite.pm
MIME/Types.pm
Class/Method/Modifiers.pm
Params/Validate/XS.pm
DateTime/TimeZone/Catalog.pm
DateTime/Duration.pm
Class/MOP/MiniTrait.pm
HTTP/Request.pm
Class/MOP/Method.pm
Dancer2/Handler/File.pm
DateTime/Helpers.pm
HTML/Parser.pm
IO/Socket/UNIX.pm
HTTP/Headers/Fast.pm
Plack/Request/Upload.pm
Moose/Meta/Method/Overridden.pm
Devel/InnerPackage.pm
Dancer2/Core.pm
Dancer2/Core/Types.pm
Moose/Meta/Method.pm
Data/Dumper.pm
Moose/Meta/TypeCoercion.pm
metaclass.pm
Class/MOP/Package.pm
Crypt/SSLeay.pm
Moose/Meta/Method/Accessor/Native/Reader.pm
vars.pm
namespace/clean.pm
HTTP/Response.pm
feature.pm
JSON/XS.pm
Moose/Meta/Role/Application/ToRole.pm
Moose/Meta/Method/Augmented.pm
DateTime/Locale/en_US.pm
Audio/MPD/Common/Item/Directory.pm
Config/Any/General.pm
Class/MOP/Module.pm
MRO/Compat.pm
Time/Seconds.pm
Package/Stash.pm
MooseX/Types/TypeDecorator.pm
Moo/HandleMoose.pm
Carp/Heavy.pm
Class/MOP.pm
integer.pm
Class/MOP/Method/Meta.pm
Dancer2/Core/Request.pm
strictures.pm
Dancer2/Core/App.pm
Config/Any.pm
Dancer2/Core/DSL.pm
parent.pm
Moose/Meta/Attribute/Native/Trait/Hash.pm
Moo/_Utils.pm
YAML/Syck.pm
Dancer2/Core/Request/Upload.pm
Role/Tiny.pm
Devel/OverloadInfo.pm
HTTP/Date.pm
Dancer2/Core/Role/DSL.pm
Method/Generate/Constructor.pm
Plack/MIME.pm
Config.pm
Class/MOP/Instance.pm
DateTime/TimeZone/UTC.pm
Audio/MPD/Common/Types.pm
DateTime/TimeZone/Floating.pm
Moose/Object.pm
Plack/Middleware/Conditional.pm
Moose/Util/MetaRole.pm
Moo.pm
Audio/MPD/Collection.pm
Storable.pm
Encode/Config.pm
Moose/Meta/Role/Attribute.pm
MooX/Types/MooseLike/Base.pm
Data/Munge.pm
Plack/Middleware/Head.pm
Tie/Hash.pm
constant.pm
DynaLoader.pm
Plack/Component.pm
Moose/Meta/Attribute/Native.pm
Dancer2.pm
Dancer2/Core/MIME.pm
Dancer2/Core/Runner.pm
File/Temp.pm
HTTP/Body/XForms.pm
Encode/Encoding.pm
MooseX/Types/UndefinedType.pm
re.pm
Symbol.pm
HTTP/Status.pm
Dancer2/Core/Role/HasLocation.pm
MooX/Types/MooseLike.pm
Sub/Name.pm
Class/MOP/Mixin.pm
IO/Seekable.pm
Carp/Clan.pm
Devel/GlobalDestruction.pm
Plack/Builder.pm
MooseX/Types/Base.pm
IO/File.pm
DateTime/Locale/en.pm
Scalar/Util.pm
Tie/Hash/NamedCapture.pm
HTTP/Body/XFormsMultipart.pm
Audio/MPD/Common/Item/Song.pm
HTTP/Body/OctetStream.pm
LWP/MemberMixin.pm
Moose/Meta/TypeConstraint/Role.pm
Package/DeprecationManager.pm
Plack/Middleware.pm
Dancer2/Core/Role/StandardResponses.pm
Audio/MPD/Common/Status.pm
Moose/Meta/Class/Immutable/Trait.pm
Plack/Middleware/FixMissingBodyInRedirect.pm
Sub/Quote.pm
SelectSaver.pm
Moose/Meta/Role/Method/Conflicting.pm
Moose/Meta/Class.pm
DateTime/Infinite.pm
Moose/Meta/Role.pm
Audio/MPD/Types.pm
utf8.pm
PerlIO/encoding.pm
Moose/Meta/Role/Method.pm
Dancer2/Core/Role/Serializer.pm
Class/MOP/Mixin/HasAttributes.pm
Class/MOP/Class/Immutable/Trait.pm
Moose/Meta/TypeConstraint/Class.pm
deprecate.pm
HTTP/Body/MultiPart.pm
Fcntl.pm
DateTime/Locale/Base.pm
HTTP/Body/UrlEncoded.pm
Moose/Meta/Attribute/Native/Trait.pm
Package/Stash/XS.pm
Class/MOP/Mixin/AttributeCore.pm
mro.pm
Dancer2/Core/Route.pm
Sub/Exporter.pm
Sub/Exporter/Progressive.pm
HTTP/Body.pm
Dancer2/Core/Hook.pm
Dancer2/Core/Error.pm
POSIX.pm
Eval/Closure.pm
List/MoreUtils.pm
Class/MOP/Method/Generated.pm
Moo/sification.pm
Dancer2/Serializer/JSON.pm
Moose/Deprecated.pm
Moose/Meta/Method/Meta.pm
Safe/Isa.pm
Class/MOP/Method/Inlined.pm
Moose.pm
